<?xml version="1.0" encoding="UTF-8"?>
<testng-results skipped="0" failed="0" total="1" passed="1">
  <reporter-output>
  </reporter-output>
  <suite name="example.NewTest" duration-ms="27905" started-at="2017-12-27T11:51:59Z" finished-at="2017-12-27T11:52:26Z">
    <groups>
    </groups>
    <test name="Command line test" duration-ms="27905" started-at="2017-12-27T11:51:59Z" finished-at="2017-12-27T11:52:26Z">
      <class name="example.NewTest">
        <test-method status="PASS" signature="testgooglrsearch()[pri:0, instance:example.NewTest@dfd3711]" name="testgooglrsearch" duration-ms="27888" started-at="2017-12-27T11:51:59Z" finished-at="2017-12-27T11:52:26Z">
          <reporter-output>
          </reporter-output>
        </test-method> <!-- testgooglrsearch -->
      </class> <!-- example.NewTest -->
    </test> <!-- Command line test -->
  </suite> <!-- example.NewTest -->
</testng-results>
