<?xml version="1.0" encoding="UTF-8"?>
<testng-results skipped="0" failed="0" total="1" passed="1">
  <reporter-output>
  </reporter-output>
  <suite name="Suite" duration-ms="24061" started-at="2017-12-27T09:59:39Z" finished-at="2017-12-27T10:00:03Z">
    <groups>
    </groups>
    <test name="Test" duration-ms="24061" started-at="2017-12-27T09:59:39Z" finished-at="2017-12-27T10:00:03Z">
      <class name="example.NewTest">
        <test-method status="PASS" signature="testgooglrsearch()[pri:0, instance:example.NewTest@1b604f19]" name="testgooglrsearch" duration-ms="24044" started-at="2017-12-27T09:59:39Z" finished-at="2017-12-27T10:00:03Z">
          <reporter-output>
          </reporter-output>
        </test-method> <!-- testgooglrsearch -->
      </class> <!-- example.NewTest -->
    </test> <!-- Test -->
  </suite> <!-- Suite -->
</testng-results>
